<?xml version="1.0" encoding="UTF-8"?>
<!-- Generated by org.testng.reporters.JUnitReportReporter -->
<testsuite hostname="DESKTOP-R0GNJAC" failures="0" tests="2" name="com.qa.api.gorest.tests.GetUserTest" time="3.978" errors="0" timestamp="26 Oct 2021 07:05:41 GMT" skipped="0">
  <testcase classname="com.qa.api.gorest.tests.GetUserTest" name="getUserListAPITest" time="3.449"/>
  <testcase classname="com.qa.api.gorest.tests.GetUserTest" name="getUserWithQueryParamsAPITest" time="0.529"/>
</testsuite> <!-- com.qa.api.gorest.tests.GetUserTest -->
