<?xml version="1.0" encoding="UTF-8"?>
<!-- Generated by org.testng.reporters.JUnitReportReporter -->
<testsuite hostname="DESKTOP-R0GNJAC" failures="0" tests="4" name="com.qa.api.gorest.tests.GetImgurAPITest" time="13.710" errors="0" timestamp="11 Nov 2021 16:38:42 GMT" skipped="0">
  <testcase classname="com.qa.api.gorest.tests.GetImgurAPITest" name="getAccountBlockStatus" time="2.699"/>
  <testcase classname="com.qa.api.gorest.tests.GetImgurAPITest" name="getAccountImageTest" time="2.244"/>
  <testcase classname="com.qa.api.gorest.tests.GetImgurAPITest" name="getComments" time="4.267"/>
  <testcase classname="com.qa.api.gorest.tests.GetImgurAPITest" name="uploadImagePostAPITest" time="4.500"/>
</testsuite> <!-- com.qa.api.gorest.tests.GetImgurAPITest -->
