<?xml version="1.0" encoding="UTF-8"?>
<!-- Generated by org.testng.reporters.JUnitReportReporter -->
<testsuite hostname="DESKTOP-R0GNJAC" failures="0" tests="2" name="com.qa.api.gorest.tests.GetUserTest" time="8.893" errors="0" timestamp="11 Nov 2021 16:38:42 GMT" skipped="0">
  <testcase classname="com.qa.api.gorest.tests.GetUserTest" name="getUserListAPITest" time="8.447"/>
  <testcase classname="com.qa.api.gorest.tests.GetUserTest" name="getUserWithQueryParamsAPITest" time="0.446"/>
</testsuite> <!-- com.qa.api.gorest.tests.GetUserTest -->
