<?xml version="1.0" encoding="UTF-8"?>
<!-- Generated by org.testng.reporters.JUnitReportReporter -->
<testsuite hostname="DESKTOP-R0GNJAC" failures="0" tests="2" name="com.qa.api.gorest.tests.GetImgurAPITest" time="7.163" errors="0" timestamp="09 Nov 2021 16:22:25 GMT" skipped="0">
  <testcase classname="com.qa.api.gorest.tests.GetImgurAPITest" name="accountBlockStatus" time="2.354"/>
  <testcase classname="com.qa.api.gorest.tests.GetImgurAPITest" name="getAccountImageTest" time="4.809"/>
</testsuite> <!-- com.qa.api.gorest.tests.GetImgurAPITest -->
