<?xml version="1.0" encoding="UTF-8"?>
<!-- Generated by org.testng.reporters.JUnitReportReporter -->
<testsuite hostname="DESKTOP-R0GNJAC" failures="0" tests="1" name="com.qa.api.gorest.tests.CreateUserTest" time="5.334" errors="0" timestamp="27 Oct 2021 02:48:13 GMT" skipped="0">
  <testcase classname="com.qa.api.gorest.tests.CreateUserTest" name="createUserAPIPOSTTest" time="5.334"/>
</testsuite> <!-- com.qa.api.gorest.tests.CreateUserTest -->
