<?xml version="1.0" encoding="UTF-8"?>
<!-- Generated by org.testng.reporters.JUnitReportReporter -->
<testsuite hostname="DESKTOP-R0GNJAC" failures="0" tests="1" name="com.qa.api.gorest.tests.GetImgurAPITest" time="5.242" errors="0" timestamp="09 Nov 2021 18:42:54 GMT" skipped="0">
  <testcase classname="com.qa.api.gorest.tests.GetImgurAPITest" name="getAccountImageTest" time="5.242"/>
</testsuite> <!-- com.qa.api.gorest.tests.GetImgurAPITest -->
