<?xml version="1.0" encoding="UTF-8"?>
<!-- Generated by org.testng.reporters.JUnitReportReporter -->
<testsuite hostname="DESKTOP-R0GNJAC" failures="0" tests="1" name="com.qa.api.gorest.tests.GetImgurAPITest" time="5.962" errors="0" timestamp="09 Nov 2021 16:50:55 GMT" skipped="0">
  <testcase classname="com.qa.api.gorest.tests.GetImgurAPITest" name="getComments" time="5.962"/>
</testsuite> <!-- com.qa.api.gorest.tests.GetImgurAPITest -->
