<?xml version="1.0" encoding="UTF-8"?>
<!-- Generated by org.testng.reporters.JUnitReportReporter -->
<testsuite hostname="DESKTOP-R0GNJAC" failures="0" tests="2" name="com.qa.api.gorest.tests.GetUserTest" time="5.172" errors="0" timestamp="10 Nov 2021 18:29:56 GMT" skipped="0">
  <testcase classname="com.qa.api.gorest.tests.GetUserTest" name="getUserListAPITest" time="4.743"/>
  <testcase classname="com.qa.api.gorest.tests.GetUserTest" name="getUserWithQueryParamsAPITest" time="0.429"/>
</testsuite> <!-- com.qa.api.gorest.tests.GetUserTest -->
