<?xml version="1.0" encoding="UTF-8"?>
<!-- Generated by org.testng.reporters.JUnitReportReporter -->
<testsuite hostname="DESKTOP-R0GNJAC" failures="0" tests="4" name="com.qa.api.gorest.tests.GetImgurAPITest" time="14.030" errors="0" timestamp="10 Nov 2021 18:29:56 GMT" skipped="0">
  <testcase classname="com.qa.api.gorest.tests.GetImgurAPITest" name="getAccountBlockStatus" time="3.316"/>
  <testcase classname="com.qa.api.gorest.tests.GetImgurAPITest" name="getAccountImageTest" time="2.379"/>
  <testcase classname="com.qa.api.gorest.tests.GetImgurAPITest" name="getComments" time="3.899"/>
  <testcase classname="com.qa.api.gorest.tests.GetImgurAPITest" name="uploadImagePostAPITest" time="4.436"/>
</testsuite> <!-- com.qa.api.gorest.tests.GetImgurAPITest -->
