<?xml version="1.0" encoding="UTF-8"?>
<!-- Generated by org.testng.reporters.JUnitReportReporter -->
<testsuite hostname="DESKTOP-R0GNJAC" failures="0" tests="1" name="com.qa.api.gorest.tests.DeleteUserTest" time="0.808" errors="0" timestamp="13 Nov 2021 08:29:34 GMT" skipped="0">
  <testcase classname="com.qa.api.gorest.tests.DeleteUserTest" name="deleteUserById" time="0.808"/>
</testsuite> <!-- com.qa.api.gorest.tests.DeleteUserTest -->
