<?xml version="1.0" encoding="UTF-8"?>
<!-- Generated by org.testng.reporters.JUnitReportReporter -->
<testsuite hostname="DESKTOP-R0GNJAC" failures="0" tests="4" name="com.qa.api.gorest.tests.GetImgurAPITest" time="15.405" errors="0" timestamp="13 Nov 2021 08:29:34 GMT" skipped="0">
  <testcase classname="com.qa.api.gorest.tests.GetImgurAPITest" name="getAccountBlockStatus" time="3.157"/>
  <testcase classname="com.qa.api.gorest.tests.GetImgurAPITest" name="getAccountImageTest" time="2.270"/>
  <testcase classname="com.qa.api.gorest.tests.GetImgurAPITest" name="getComments" time="3.956"/>
  <testcase classname="com.qa.api.gorest.tests.GetImgurAPITest" name="uploadImagePostAPITest" time="6.022"/>
</testsuite> <!-- com.qa.api.gorest.tests.GetImgurAPITest -->
