<?xml version="1.0" encoding="UTF-8"?>
<!-- Generated by org.testng.reporters.JUnitReportReporter -->
<testsuite hostname="DESKTOP-R0GNJAC" failures="0" tests="1" name="com.qa.api.gorest.tests.GetUserTest" time="3.057" errors="0" timestamp="09 Nov 2021 18:48:44 GMT" skipped="0">
  <testcase classname="com.qa.api.gorest.tests.GetUserTest" name="getUserWithQueryParamsAPITest" time="3.057"/>
</testsuite> <!-- com.qa.api.gorest.tests.GetUserTest -->
